2023-10-13T14:38:25.908591-04:00	START
2023-10-13T14:38:26.591469-04:00	
{
    "status": false,
    "message": "a failure occured",
    "obj": {
        "status": false,
        "run": {
            "stdout": "",
            "stderr": "Error response from daemon: pull access denied for local/pl-image_textremove, repository does not exist or may require 'docker login': denied: requested access to the resource is denied\n",
            "cmd": "docker pull local/pl-image_textremove:0.2.3",
            "cwd": "/home/sandip/CHRIS_docs/pipelines/source",
            "returncode": 1
        },
        "rep": {
            "error": "could not pull image"
        }
    }
}
2023-10-13T14:38:26.591513-04:00	END
2023-10-13T14:38:42.767839-04:00	START
2023-10-13T14:39:01.000733-04:00	
{
    "status": false,
    "obj": {
        "run": {
            "status": false,
            "stdout": "an exception occurred",
            "stderr": "User 'chris' is not a ChRIS admin.",
            "returncode": 1
        }
    }
}
2023-10-13T14:39:01.000786-04:00	END
2023-10-13T14:40:01.793812-04:00	START
2023-10-13T14:40:04.356707-04:00	
{
    "status": true,
    "obj": {
        "run": {
            "status": true,
            "stdout": {
                "id": 66,
                "creation_date": "2023-10-13T14:40:04.146010-04:00",
                "name": "pl-image_textremove",
                "version": "0.2.3",
                "dock_image": "fnndsc/pl-image_textremove:0.2.3",
                "public_repo": "https://github.com/FNNDSC/pl-image_textremove",
                "icon": "",
                "type": "ds",
                "stars": 0,
                "authors": "FNNDSC <dev@babyMRI.org>",
                "title": "My ChRIS plugin",
                "category": "",
                "description": "A ChRIS plugin to remove text from images",
                "documentation": "https://github.com/FNNDSC/pl-image_textRe",
                "license": "MIT",
                "execshell": "/usr/local/bin/python",
                "selfpath": "/usr/local/bin",
                "selfexec": "image_textRemove",
                "min_number_of_workers": 1,
                "max_number_of_workers": 1,
                "min_cpu_limit": 1000,
                "max_cpu_limit": 2147483647,
                "min_memory_limit": 100,
                "max_memory_limit": 2147483647,
                "min_gpu_limit": 0,
                "max_gpu_limit": 0
            },
            "stderr": "",
            "returncode": 0
        }
    }
}
2023-10-13T14:40:04.356770-04:00	END
2023-10-25T13:04:13.235023-04:00	START
2023-10-25T13:04:16.788795-04:00	
{
    "status": true,
    "obj": {
        "run": {
            "status": true,
            "stdout": {
                "id": 74,
                "creation_date": "2023-10-25T13:04:16.678222-04:00",
                "name": "pl-dicom_repack",
                "version": "1.0.4",
                "dock_image": "fnndsc/pl-dicom_repack:1.0.4",
                "public_repo": "https://github.com/FNNDSC/pl-dicom_repack",
                "icon": "",
                "type": "ds",
                "stars": 0,
                "authors": "FNNDSC <dev@babyMRI.org>",
                "title": "My ChRIS plugin",
                "category": "",
                "description": "A ChRIS plugin to do something awesome",
                "documentation": "https://github.com/FNNDSC/pl-dicom_re",
                "license": "MIT",
                "execshell": "/usr/local/bin/python",
                "selfpath": "/usr/local/bin",
                "selfexec": "dicom_repack",
                "min_number_of_workers": 1,
                "max_number_of_workers": 1,
                "min_cpu_limit": 80000,
                "max_cpu_limit": 2147483647,
                "min_memory_limit": 2048,
                "max_memory_limit": 2147483647,
                "min_gpu_limit": 0,
                "max_gpu_limit": 0
            },
            "stderr": "",
            "returncode": 0
        }
    }
}
2023-10-25T13:04:16.788858-04:00	END
2023-10-25T13:16:47.325888-04:00	START
2023-10-25T13:16:50.263184-04:00	
{
    "status": true,
    "obj": {
        "run": {
            "status": true,
            "stdout": {
                "id": 75,
                "creation_date": "2023-10-25T13:16:50.185686-04:00",
                "name": "pl-dicom_repack",
                "version": "1.0.5",
                "dock_image": "fnndsc/pl-dicom_repack:1.0.5",
                "public_repo": "https://github.com/FNNDSC/pl-dicom_repack",
                "icon": "",
                "type": "ds",
                "stars": 0,
                "authors": "FNNDSC <dev@babyMRI.org>",
                "title": "My ChRIS plugin",
                "category": "",
                "description": "A ChRIS plugin to do something awesome",
                "documentation": "https://github.com/FNNDSC/pl-dicom_re",
                "license": "MIT",
                "execshell": "/usr/local/bin/python",
                "selfpath": "/usr/local/bin",
                "selfexec": "dicom_repack",
                "min_number_of_workers": 1,
                "max_number_of_workers": 1,
                "min_cpu_limit": 20000,
                "max_cpu_limit": 2147483647,
                "min_memory_limit": 2048,
                "max_memory_limit": 2147483647,
                "min_gpu_limit": 0,
                "max_gpu_limit": 0
            },
            "stderr": "",
            "returncode": 0
        }
    }
}
2023-10-25T13:16:50.263257-04:00	END
2023-10-25T13:26:12.372160-04:00	START
2023-10-25T13:26:15.596374-04:00	
{
    "status": true,
    "obj": {
        "run": {
            "status": true,
            "stdout": {
                "id": 76,
                "creation_date": "2023-10-25T13:26:15.506783-04:00",
                "name": "pl-dicom_repack",
                "version": "1.0.6",
                "dock_image": "fnndsc/pl-dicom_repack:1.0.6",
                "public_repo": "https://github.com/FNNDSC/pl-dicom_repack",
                "icon": "",
                "type": "ds",
                "stars": 0,
                "authors": "FNNDSC <dev@babyMRI.org>",
                "title": "A DICOM repack plugin",
                "category": "",
                "description": "A ChRIS plugin to merge individual dicom slices into a single multiframe DICOM",
                "documentation": "https://github.com/FNNDSC/pl-dicom_re",
                "license": "MIT",
                "execshell": "/usr/local/bin/python",
                "selfpath": "/usr/local/bin",
                "selfexec": "dicom_repack",
                "min_number_of_workers": 1,
                "max_number_of_workers": 1,
                "min_cpu_limit": 40000,
                "max_cpu_limit": 2147483647,
                "min_memory_limit": 3072,
                "max_memory_limit": 2147483647,
                "min_gpu_limit": 0,
                "max_gpu_limit": 0
            },
            "stderr": "",
            "returncode": 0
        }
    }
}
2023-10-25T13:26:15.596744-04:00	END
2023-10-25T18:18:00.399879-04:00	START
2023-10-25T18:18:05.291166-04:00	
{
    "status": true,
    "obj": {
        "run": {
            "status": true,
            "stdout": {
                "id": 77,
                "creation_date": "2023-10-25T18:18:05.075070-04:00",
                "name": "pl-dcm2niix",
                "version": "1.0.0",
                "dock_image": "fnndsc/pl-dcm2niix:1.0.0",
                "public_repo": "https://github.com/FNNDSC/pl-dcm2niix",
                "icon": "",
                "type": "ds",
                "stars": 0,
                "authors": "FNNDSC <dev@babyMRI.org>",
                "title": "dcm2niix",
                "category": "MRI Processing",
                "description": "A ChRIS DS plugin wrapper for dcm2niix",
                "documentation": "https://github.com/FNNDSC/pl-dcm2niix",
                "license": "MIT",
                "execshell": "/usr/local/bin/python",
                "selfpath": "/usr/local/bin",
                "selfexec": "dcm2niixw",
                "min_number_of_workers": 1,
                "max_number_of_workers": 1,
                "min_cpu_limit": 1000,
                "max_cpu_limit": 2147483647,
                "min_memory_limit": 2048,
                "max_memory_limit": 2147483647,
                "min_gpu_limit": 0,
                "max_gpu_limit": 0
            },
            "stderr": "",
            "returncode": 0
        }
    }
}
2023-10-25T18:18:05.291328-04:00	END
2023-10-25T18:28:02.722704-04:00	START
2023-10-25T18:28:15.920286-04:00	
{
    "status": true,
    "obj": {
        "run": {
            "status": true,
            "stdout": {
                "id": 78,
                "creation_date": "2023-10-25T18:28:15.517808-04:00",
                "name": "pl-pfdo_med2img",
                "version": "1.2.0",
                "dock_image": "fnndsc/pl-pfdo_med2img:1.2.0",
                "public_repo": "https://github.com/FNNDSC/pl-pfdo_med2img",
                "icon": "",
                "type": "ds",
                "stars": 0,
                "authors": "Arushi Vyas <dev@babyMRI.org>",
                "title": "A ChRIS plugin app",
                "category": "",
                "description": "An app to recursively walk down a directory tree and perform bulk med2image on files/dirs.",
                "documentation": "http://wiki",
                "license": "MIT",
                "execshell": "/usr/local/bin/python",
                "selfpath": "/usr/local/bin",
                "selfexec": "pfdo_med2img",
                "min_number_of_workers": 1,
                "max_number_of_workers": 1,
                "min_cpu_limit": 1000,
                "max_cpu_limit": 2147483647,
                "min_memory_limit": 2048,
                "max_memory_limit": 2147483647,
                "min_gpu_limit": 0,
                "max_gpu_limit": 0
            },
            "stderr": "",
            "returncode": 0
        }
    }
}
2023-10-25T18:28:15.920350-04:00	END
2023-10-26T11:23:33.558532-04:00	START
2023-10-26T11:23:46.640460-04:00	
{
    "status": true,
    "obj": {
        "run": {
            "status": true,
            "stdout": {
                "id": 79,
                "creation_date": "2023-10-26T11:23:46.160086-04:00",
                "name": "pl-pfdo_med2img",
                "version": "1.2.1",
                "dock_image": "fnndsc/pl-pfdo_med2img:1.2.1",
                "public_repo": "https://github.com/FNNDSC/pl-pfdo_med2img",
                "icon": "",
                "type": "ds",
                "stars": 0,
                "authors": "Arushi Vyas <dev@babyMRI.org>",
                "title": "A ChRIS plugin app",
                "category": "",
                "description": "An app to recursively walk down a directory tree and perform bulk med2image on files/dirs.",
                "documentation": "http://wiki",
                "license": "MIT",
                "execshell": "/usr/local/bin/python",
                "selfpath": "/usr/local/bin",
                "selfexec": "pfdo_med2img",
                "min_number_of_workers": 1,
                "max_number_of_workers": 1,
                "min_cpu_limit": 1000,
                "max_cpu_limit": 2147483647,
                "min_memory_limit": 2048,
                "max_memory_limit": 2147483647,
                "min_gpu_limit": 0,
                "max_gpu_limit": 0
            },
            "stderr": "",
            "returncode": 0
        }
    }
}
2023-10-26T11:23:46.640625-04:00	END
2023-10-26T14:52:26.790079-04:00	START
2023-10-26T14:52:30.219635-04:00	
{
    "status": true,
    "obj": {
        "run": {
            "status": true,
            "stdout": {
                "id": 80,
                "creation_date": "2023-10-26T14:52:30.101042-04:00",
                "name": "pl-dicom_repack",
                "version": "1.0.7",
                "dock_image": "fnndsc/pl-dicom_repack:1.0.7",
                "public_repo": "https://github.com/FNNDSC/pl-dicom_repack",
                "icon": "",
                "type": "ds",
                "stars": 0,
                "authors": "FNNDSC <dev@babyMRI.org>",
                "title": "A DICOM repack plugin",
                "category": "",
                "description": "A ChRIS plugin to merge individual dicom slices into a single multiframe DICOM",
                "documentation": "https://github.com/FNNDSC/pl-dicom_re",
                "license": "MIT",
                "execshell": "/usr/local/bin/python",
                "selfpath": "/usr/local/bin",
                "selfexec": "dicom_repack",
                "min_number_of_workers": 1,
                "max_number_of_workers": 1,
                "min_cpu_limit": 20000,
                "max_cpu_limit": 2147483647,
                "min_memory_limit": 2048,
                "max_memory_limit": 2147483647,
                "min_gpu_limit": 0,
                "max_gpu_limit": 0
            },
            "stderr": "",
            "returncode": 0
        }
    }
}
2023-10-26T14:52:30.219704-04:00	END
2023-10-26T15:07:43.544698-04:00	START
2023-10-26T15:07:46.855015-04:00	
{
    "status": true,
    "obj": {
        "run": {
            "status": true,
            "stdout": {
                "id": 81,
                "creation_date": "2023-10-26T15:07:46.768481-04:00",
                "name": "pl-dicom_repack",
                "version": "1.0.8",
                "dock_image": "fnndsc/pl-dicom_repack:1.0.8",
                "public_repo": "https://github.com/FNNDSC/pl-dicom_repack",
                "icon": "",
                "type": "ds",
                "stars": 0,
                "authors": "FNNDSC <dev@babyMRI.org>",
                "title": "A DICOM repack plugin",
                "category": "",
                "description": "A ChRIS plugin to merge individual dicom slices into a single multiframe DICOM",
                "documentation": "https://github.com/FNNDSC/pl-dicom_re",
                "license": "MIT",
                "execshell": "/usr/local/bin/python",
                "selfpath": "/usr/local/bin",
                "selfexec": "dicom_repack",
                "min_number_of_workers": 1,
                "max_number_of_workers": 1,
                "min_cpu_limit": 20000,
                "max_cpu_limit": 2147483647,
                "min_memory_limit": 4096,
                "max_memory_limit": 2147483647,
                "min_gpu_limit": 0,
                "max_gpu_limit": 0
            },
            "stderr": "",
            "returncode": 0
        }
    }
}
2023-10-26T15:07:46.855077-04:00	END
2023-10-26T17:52:36.710762-04:00	START
2023-10-26T17:52:50.139942-04:00	
{
    "status": true,
    "obj": {
        "run": {
            "status": true,
            "stdout": {
                "id": 82,
                "creation_date": "2023-10-26T17:52:49.784439-04:00",
                "name": "pl-pfdo_med2img",
                "version": "1.2.2",
                "dock_image": "fnndsc/pl-pfdo_med2img:1.2.2",
                "public_repo": "https://github.com/FNNDSC/pl-pfdo_med2img",
                "icon": "",
                "type": "ds",
                "stars": 0,
                "authors": "Arushi Vyas <dev@babyMRI.org>",
                "title": "A ChRIS plugin app",
                "category": "",
                "description": "An app to recursively walk down a directory tree and perform bulk med2image on files/dirs.",
                "documentation": "http://wiki",
                "license": "MIT",
                "execshell": "/usr/local/bin/python",
                "selfpath": "/usr/local/bin",
                "selfexec": "pfdo_med2img",
                "min_number_of_workers": 1,
                "max_number_of_workers": 1,
                "min_cpu_limit": 1000,
                "max_cpu_limit": 2147483647,
                "min_memory_limit": 2048,
                "max_memory_limit": 2147483647,
                "min_gpu_limit": 0,
                "max_gpu_limit": 0
            },
            "stderr": "",
            "returncode": 0
        }
    }
}
2023-10-26T17:52:50.140002-04:00	END
2023-10-27T12:18:44.186778-04:00	START
2023-10-27T12:18:46.618643-04:00	
{
    "status": false,
    "obj": {
        "run": {
            "status": false,
            "stdout": "an exception occurred",
            "stderr": "{\"non_field_errors\": [\"Plugin with name pl-dicom_unpack and version 1.0.1 already exists.\"]}",
            "returncode": 1
        }
    }
}
2023-10-27T12:18:46.618715-04:00	END
2024-09-30T13:39:03.947423-04:00	START
2024-09-30T13:39:04.497800-04:00	
{
    "status": false,
    "message": "a failure occured",
    "obj": {
        "status": false,
        "run": {
            "stdout": "",
            "stderr": "Error response from daemon: manifest unknown\n",
            "cmd": "docker pull ghcr.io/fnndsc/pl-dcm2mha_cnvtr:1.2.4",
            "cwd": "/home/sandip/CHRIS_docs/pipelines/source",
            "returncode": 1
        },
        "rep": {
            "error": "could not pull image"
        }
    }
}
2024-09-30T13:39:04.497856-04:00	END
2024-09-30T13:39:52.225196-04:00	START
2024-09-30T13:39:52.834580-04:00	
{
    "status": false,
    "message": "a failure occured",
    "obj": {
        "status": false,
        "run": {
            "stdout": "",
            "stderr": "Error response from daemon: manifest unknown\n",
            "cmd": "docker pull ghcr.io/fnndsc/pl-dcm2mha_cnvtr:1.2.4",
            "cwd": "/home/sandip/CHRIS_docs/pipelines/source",
            "returncode": 1
        },
        "rep": {
            "error": "could not pull image"
        }
    }
}
2024-09-30T13:39:52.834653-04:00	END
2024-09-30T13:41:11.722522-04:00	START
2024-09-30T13:41:33.499789-04:00	START
2024-09-30T13:41:37.572142-04:00	
{
    "status": true,
    "obj": {
        "run": {
            "status": true,
            "stdout": {
                "id": 248,
                "creation_date": "2024-09-30T13:41:37.336979-04:00",
                "name": "pl-dcm2mha_cnvtr",
                "version": "1.2.24",
                "dock_image": "ghcr.io/fnndsc/pl-dcm2mha_cnvtr:1.2.24",
                "public_repo": "https://github.com/FNNDSC/pl-dcm2mha_cnvtr",
                "icon": "",
                "type": "ds",
                "stars": 0,
                "authors": "FNNDSC <dev@babyMRI.org>",
                "title": "A ChRIS plugin app to convert dcm files to mha and vice-versa",
                "category": "",
                "description": "An app to convert dcm files to mha and vice-versa",
                "documentation": "http://wiki",
                "license": "MIT",
                "execshell": "/usr/local/bin/python",
                "selfpath": "/usr/local/bin",
                "selfexec": "dcm2mha_cnvtr",
                "min_number_of_workers": 1,
                "max_number_of_workers": 1,
                "min_cpu_limit": 2000,
                "max_cpu_limit": 2147483647,
                "min_memory_limit": 8000,
                "max_memory_limit": 2147483647,
                "min_gpu_limit": 0,
                "max_gpu_limit": 0
            },
            "stderr": "",
            "returncode": 0
        }
    }
}
2024-09-30T13:41:37.572217-04:00	END
2024-09-30T13:43:01.762204-04:00	START
2024-09-30T13:43:10.546721-04:00	
{
    "status": false,
    "obj": {
        "run": {
            "status": false,
            "stdout": "an exception occurred",
            "stderr": "{\"non_field_errors\": [\"Plugin with name pl-lld_inference and version 2.2.10 already exists.\"]}",
            "returncode": 1
        }
    }
}
2024-09-30T13:43:10.546831-04:00	END
2024-09-30T14:28:00.929358-04:00	START
2024-09-30T14:28:04.609890-04:00	
{
    "status": false,
    "obj": {
        "run": {
            "status": false,
            "stdout": "an exception occurred",
            "stderr": "{\"non_field_errors\": [\"Plugin with name pl-orthanc_push and version 1.2.4 already exists.\"]}",
            "returncode": 1
        }
    }
}
2024-09-30T14:28:04.609971-04:00	END
2024-09-30T16:32:15.356667-04:00	START
2024-09-30T16:32:18.966978-04:00	
{
    "status": true,
    "obj": {
        "run": {
            "status": true,
            "stdout": {
                "id": 249,
                "creation_date": "2024-09-30T16:32:18.300040-04:00",
                "name": "pl-dicom_headeredit",
                "version": "1.1.1",
                "dock_image": "ghcr.io/fnndsc/pl-dicom_headeredit:1.1.1",
                "public_repo": "https://github.com/FNNDSC/pl-dicom_headeredit",
                "icon": "",
                "type": "ds",
                "stars": 0,
                "authors": "FNNDSC <dev@babyMRI.org>",
                "title": "Edit DICOM header fields",
                "category": "",
                "description": "\"dicom_headerEdit\" is a ChRIS DS plugin that allows for batch editing of DICOM header fields.",
                "documentation": "https://github.com/FNNDSC/pl-dicom_headerEdit",
                "license": "MIT",
                "execshell": "/usr/local/bin/python",
                "selfpath": "/usr/local/bin",
                "selfexec": "dicom_headerEdit",
                "min_number_of_workers": 1,
                "max_number_of_workers": 1,
                "min_cpu_limit": 1000,
                "max_cpu_limit": 2147483647,
                "min_memory_limit": 2048,
                "max_memory_limit": 2147483647,
                "min_gpu_limit": 0,
                "max_gpu_limit": 0
            },
            "stderr": "",
            "returncode": 0
        }
    }
}
2024-09-30T16:32:18.967058-04:00	END
2024-09-30T16:33:23.482637-04:00	START
2024-09-30T16:33:24.035135-04:00	
{
    "status": false,
    "message": "a failure occured",
    "obj": {
        "status": false,
        "run": {
            "stdout": "",
            "stderr": "Error response from daemon: manifest unknown\n",
            "cmd": "docker pull ghcr.io/fnndsc/pl-pfdicom_tagextract:2.3.2",
            "cwd": "/home/sandip/CHRIS_docs/pipelines/source",
            "returncode": 1
        },
        "rep": {
            "error": "could not pull image"
        }
    }
}
2024-09-30T16:33:24.035199-04:00	END
2024-09-30T16:34:13.035829-04:00	START
2024-09-30T16:34:20.355461-04:00	
{
    "status": false,
    "message": "a failure occured",
    "obj": {
        "status": false,
        "run": {
            "stdout": "",
            "stderr": "docker: Error response from daemon: failed to create task for container: failed to create shim task: OCI runtime create failed: runc create failed: unable to start container process: exec: \"pfdicom_tagextract\": executable file not found in $PATH: unknown.\n",
            "cmd": "./cmd.sh",
            "cwd": "/home/sandip/CHRIS_docs/pipelines/source",
            "returncode": 127
        },
        "rep": {
            "error": "could not pull image"
        }
    }
}
2024-09-30T16:34:20.355516-04:00	END
2024-09-30T16:36:21.425433-04:00	START
2024-09-30T16:36:26.172916-04:00	
{
    "status": true,
    "obj": {
        "run": {
            "status": true,
            "stdout": {
                "id": 250,
                "creation_date": "2024-09-30T16:36:25.202331-04:00",
                "name": "pl-pfdicom_tagextract",
                "version": "3.2.2",
                "dock_image": "ghcr.io/fnndsc/pl-pfdicom_tagextract:3.2.2",
                "public_repo": "https://github.com/FNNDSC/pl-pfdicom_tagextract",
                "icon": "",
                "type": "ds",
                "stars": 0,
                "authors": "Sandip Samal <sandip.samal@childrens.harvard.edu>",
                "title": "A DICOM tag extractor/reporting tool. Generates reports based on DICOM header information.",
                "category": "DICOM",
                "description": "This app performs a recursive walk down an input tree, and for each location with a DICOM file, will generate a report in the corresponding location in the output tree.",
                "documentation": "https://github.com/FNNDSC/pfdicom_tagExtract",
                "license": "MIT",
                "execshell": "/usr/local/bin/python",
                "selfpath": "/usr/local/bin",
                "selfexec": "dcm_tagExtract",
                "min_number_of_workers": 1,
                "max_number_of_workers": 1,
                "min_cpu_limit": 2000,
                "max_cpu_limit": 2147483647,
                "min_memory_limit": 2000,
                "max_memory_limit": 2147483647,
                "min_gpu_limit": 0,
                "max_gpu_limit": 0
            },
            "stderr": "",
            "returncode": 0
        }
    }
}
2024-09-30T16:36:26.173038-04:00	END
2024-09-30T16:40:30.722593-04:00	START
2024-09-30T16:49:35.819109-04:00	
{
    "status": false,
    "message": "a failure occured",
    "obj": {
        "status": false,
        "run": {
            "stdout": "",
            "stderr": "python3: can't open file 'fshack': [Errno 2] No such file or directory\n",
            "cmd": "./cmd.sh",
            "cwd": "/home/sandip/CHRIS_docs/pipelines/source",
            "returncode": 2
        },
        "rep": {
            "error": "could not pull image"
        }
    }
}
2024-09-30T16:49:35.819192-04:00	END
2024-09-30T16:52:37.943238-04:00	START
2024-09-30T16:52:41.175378-04:00	
{
    "status": true,
    "obj": {
        "run": {
            "status": true,
            "stdout": {
                "id": 251,
                "creation_date": "2024-09-30T16:52:41.038503-04:00",
                "name": "pl-fshack",
                "version": "1.5.0",
                "dock_image": "ghcr.io/fnndsc/pl-fshack:1.5.0",
                "public_repo": "https://github.com/FNNDSC/pl-fshack",
                "icon": "",
                "type": "ds",
                "stars": 0,
                "authors": "FNNDSC (dev@babyMRI.org)",
                "title": "A quick-n-dirty attempt at hacking a FreeSurfer ChRIS plugin",
                "category": "",
                "description": "This app houses a complete FreeSurfer distro and exposes some\n        FreeSurfer apps at the level of the plugin CLI.'",
                "documentation": "https://github.com/FNNDSC/pl-fshack",
                "license": "Opensource (MIT)",
                "execshell": "python3",
                "selfpath": "/usr/src/fshack",
                "selfexec": "fshack.py",
                "min_number_of_workers": 1,
                "max_number_of_workers": 1,
                "min_cpu_limit": 3000,
                "max_cpu_limit": 2147483647,
                "min_memory_limit": 16384,
                "max_memory_limit": 2147483647,
                "min_gpu_limit": 0,
                "max_gpu_limit": 0
            },
            "stderr": "",
            "returncode": 0
        }
    }
}
2024-09-30T16:52:41.175456-04:00	END
